<?xml version="1.0" encoding="UTF-8"?>
<!-- Generated by org.testng.reporters.JUnitReportReporter -->
<testsuite hostname="TRICONNODE211" name="pack1.TestA" tests="1" failures="0" timestamp="9 Jan 2017 10:44:33 GMT" time="18.222" errors="0">
  <testcase name="testOne" time="18.222" classname="pack1.TestA"/>
</testsuite> <!-- pack1.TestA -->
